
> vibe-generated-app@1.0.0 dev
> vite


  VITE v5.4.20  ready in 214 ms

  ➜  Local:   http://localhost:3000/
  ➜  Network: http://172.20.88.125:3000/
6:09:57 AM [vite] Pre-transform error: [postcss] /home/workspace/src/index.css:39:18: The `focus-visible:ring-[color:var(--primary)]/60` class does not exist. If `focus-visible:ring-[color:var(--primary)]/60` is a custom class, make sure it is defined within a `@layer` directive.
6:09:59 AM [vite] Internal server error: [postcss] /home/workspace/src/index.css:39:18: The `focus-visible:ring-[color:var(--primary)]/60` class does not exist. If `focus-visible:ring-[color:var(--primary)]/60` is a custom class, make sure it is defined within a `@layer` directive.
  Plugin: vite:css
  File: /home/workspace/src/index.css:39:17
  37 |    .card-title { @apply text-blue-50 font-semibold text-lg; }
  38 |  
  39 |    .btn-primary { @apply inline-flex items-center justify-center rounded-xl px-5 py-3 text-sm md:text-base font-semibold bg-[color:var(--primary)] text-white shadow-[var(--soft-glow)] hover:shadow-[var(--glow)] transition-all duration-200 hover:-translate-y-0.5 focus-visible:outline-none focus-visible:ring-2 focus-visible:ring-[color:var(--primary)]/60; }
     |                   ^
  40 |    .btn-secondary { @apply inline-flex items-center justify-center rounded-xl px-5 py-3 text-sm md:text-base font-semibold text-blue-100 bg-white/5 border border-white/10 hover:bg-white/10 transition-colors focus-visible:outline-none focus-visible:ring-2 focus-visible:ring-[color:var(--primary)]/60; }
  41 |    .btn-ghost { @apply text-[color:var(--primary)] hover:text-white border border-[color:var(--primary)]/30 hover:border-[color:var(--primary)]/60 rounded-xl px-4 py-2 bg-[color:var(--primary)]/10 hover:bg-[color:var(--primary)]/20 transition-all; }
      at Input.error (/home/workspace/node_modules/postcss/lib/input.js:135:16)
      at AtRule.error (/home/workspace/node_modules/postcss/lib/node.js:146:32)
      at processApply (/home/workspace/node_modules/tailwindcss/lib/lib/expandApplyAtRules.js:380:29)
      at /home/workspace/node_modules/tailwindcss/lib/lib/expandApplyAtRules.js:551:9
      at /home/workspace/node_modules/tailwindcss/lib/processTailwindFeatures.js:55:50
      at async plugins (/home/workspace/node_modules/tailwindcss/lib/plugin.js:38:17)
      at async LazyResult.runAsync (/home/workspace/node_modules/postcss/lib/lazy-result.js:293:11)
      at async compileCSS (file:///home/workspace/node_modules/vite/dist/node/chunks/dep-D_zLpgQd.js:36898:21)
      at async TransformPluginContext.transform (file:///home/workspace/node_modules/vite/dist/node/chunks/dep-D_zLpgQd.js:36171:11)
      at async PluginContainer.transform (file:///home/workspace/node_modules/vite/dist/node/chunks/dep-D_zLpgQd.js:49099:18)
6:10:26 AM [vite] Internal server error: [postcss] /home/workspace/src/index.css:39:18: The `focus-visible:ring-[color:var(--primary)]/60` class does not exist. If `focus-visible:ring-[color:var(--primary)]/60` is a custom class, make sure it is defined within a `@layer` directive.
  Plugin: vite:css
  File: /home/workspace/src/index.css:39:17
  37 |    .card-title { @apply text-blue-50 font-semibold text-lg; }
  38 |  
  39 |    .btn-primary { @apply inline-flex items-center justify-center rounded-xl px-5 py-3 text-sm md:text-base font-semibold bg-[color:var(--primary)] text-white shadow-[var(--soft-glow)] hover:shadow-[var(--glow)] transition-all duration-200 hover:-translate-y-0.5 focus-visible:outline-none focus-visible:ring-2 focus-visible:ring-[color:var(--primary)]/60; }
     |                   ^
  40 |    .btn-secondary { @apply inline-flex items-center justify-center rounded-xl px-5 py-3 text-sm md:text-base font-semibold text-blue-100 bg-white/5 border border-white/10 hover:bg-white/10 transition-colors focus-visible:outline-none focus-visible:ring-2 focus-visible:ring-[color:var(--primary)]/60; }
  41 |    .btn-ghost { @apply text-[color:var(--primary)] hover:text-white border border-[color:var(--primary)]/30 hover:border-[color:var(--primary)]/60 rounded-xl px-4 py-2 bg-[color:var(--primary)]/10 hover:bg-[color:var(--primary)]/20 transition-all; }
      at Input.error (/home/workspace/node_modules/postcss/lib/input.js:135:16)
      at AtRule.error (/home/workspace/node_modules/postcss/lib/node.js:146:32)
      at processApply (/home/workspace/node_modules/tailwindcss/lib/lib/expandApplyAtRules.js:380:29)
      at /home/workspace/node_modules/tailwindcss/lib/lib/expandApplyAtRules.js:551:9
      at /home/workspace/node_modules/tailwindcss/lib/processTailwindFeatures.js:55:50
      at async plugins (/home/workspace/node_modules/tailwindcss/lib/plugin.js:38:17)
      at async LazyResult.runAsync (/home/workspace/node_modules/postcss/lib/lazy-result.js:293:11)
      at async compileCSS (file:///home/workspace/node_modules/vite/dist/node/chunks/dep-D_zLpgQd.js:36898:21)
      at async TransformPluginContext.transform (file:///home/workspace/node_modules/vite/dist/node/chunks/dep-D_zLpgQd.js:36171:11)
      at async PluginContainer.transform (file:///home/workspace/node_modules/vite/dist/node/chunks/dep-D_zLpgQd.js:49099:18)
